<?xml version="1.0" encoding="UTF-8"?>
<!-- Generated by org.testng.reporters.JUnitReportReporter -->
<testsuite skipped="0" hostname="DESKTOP-0K040ML" name="TestNGDemo1" tests="1" failures="0" timestamp="12 Feb 2019 16:43:42 GMT" time="0.029" errors="0">
  <testcase name="test1" time="0.029" classname="TestNGDemo1"/>
</testsuite> <!-- TestNGDemo1 -->
